============================= test session starts ==============================
platform linux -- Python 3.11.0, pytest-7.4.0, pluggy-1.0.0
rootdir: /home/user/project
collected 5 items

tests/test_example.py::test_add_positive_numbers PASSED [0.01s]
tests/test_example.py::test_add_negative_numbers PASSED [0.01s]
tests/test_example.py::test_add_zero PASSED [0.01s]
tests/test_utils.py::test_multiply PASSED [0.01s]
tests/test_utils.py::test_subtract PASSED [0.01s]

============================== 5 passed in 0.08s ===============================
